31.1515 	WARNING 	We strongly recommend you activate the PTB sound engine in PsychoPy prefs as the preferred audio engine. Its timing is vastly superior. Your prefs are currently set to use ['sounddevice', 'PTB', 'pyo', 'pygame'] (in that order).
107.4713 	WARNING 	User requested fullscreen with size [1024  768], but screen is actually [1366, 768]. Using actual size
117.9912 	EXP 	Created window1 = Window(allowGUI=True, allowStencil=False, autoLog=True, backendConf=UNKNOWN, bitsMode=UNKNOWN, blendMode='avg', bpc=(8, 8, 8), color=array([0, 0, 0]), colorSpace='rgb', depthBits=8, fullscr=<method-wrapper '__getattribute__' of attributeSetter object at 0x00000193B1F9DE80>, gamma=None, gammaErrorPolicy='raise', lms=UNKNOWN, monitor=<psychopy.monitors.calibTools.Monitor object at 0x00000193B4E5C640>, multiSample=False, name='window1', numSamples=2, pos=(0, 0), screen=0, size=array([1366,  768]), stencilBits=0, stereo=False, units='height', useFBO=True, useRetina=False, viewOri=0.0, viewPos=None, viewScale=None, waitBlanking=True, winType='pyglet')
117.9914 	EXP 	window1: mouseVisible = True
117.9916 	EXP 	window1: mouseVisible = False
117.9916 	EXP 	window1: Attempting to measure frame rate of screen (0) ...
117.9916 	EXP 	window1: recordFrameIntervals = False
118.1568 	EXP 	window1: recordFrameIntervals = True
118.3409 	EXP 	Screen (0) actual frame rate measured at 60.05Hz
118.3409 	EXP 	window1: recordFrameIntervals = False
123.1349 	EXP 	Created fixation = ShapeStim(__class__=<class 'psychopy.visual.shape.ShapeStim'>, anchor=('center', 'center'), autoDraw=False, autoLog=True, closeShape=True, color=method-wrapper(...), colorSpace='rgb', contrast=None, depth=0.0, fillColor=array([1, 1, 1]), fillColorSpace='rgb', fillRGB=array([1, 1, 1]), interpolate=True, lineColor=array([1, 1, 1]), lineColorSpace='rgb', lineRGB=array([1, 1, 1]), lineWidth=1.0, name='fixation', opacity=1.0, ori=0.0, pos=array([0., 0.]), size=array([10., 10.]), units='pix', vertices=ndarray(...), win=Window(...), windingRule=None)
123.2185 	EXP 	Created grating = GratingStim(__class__=<class 'psychopy.visual.grating.GratingStim'>, anchor='center', autoDraw=False, autoLog=True, blendmode='avg', color=array([0.3, 0.3, 0.3]), colorSpace='rgb', contrast=0.3, depth=-1.0, interpolate=True, mask='gauss', maskParams=None, name='grating', opacity=1.0, ori=1.0, phase=array([0., 0.]), pos=array([0., 0.]), rgbPedestal=array([0., 0., 0.]), sf=array([5., 5.]), size=array([0.2, 0.2]), tex='sin', texRes=128.0, units='height', win=Window(...))
123.2199 	EXP 	Created sequence: random, trialTypes=1, nReps=100, seed=None
123.2205 	EXP 	New trial (rep=0, index=0): None
123.2675 	EXP 	grating: ori = -5.0
123.2675 	EXP 	fixation: autoDraw = True
124.2824 	EXP 	grating: autoDraw = True
124.2824 	EXP 	grating: tex = 'sin'
124.2865 	EXP 	fixation: autoDraw = False
124.5895 	EXP 	grating: autoDraw = False
124.8752 	EXP 	New trial (rep=1, index=0): None
124.8765 	DATA 	Keypress: up
124.8891 	EXP 	fixation: autoDraw = False
124.8891 	EXP 	grating: autoDraw = False
124.8891 	EXP 	grating: ori = -3.0
124.8891 	EXP 	fixation: autoDraw = True
125.8891 	EXP 	fixation: autoDraw = False
125.8891 	EXP 	grating: autoDraw = True
126.1884 	EXP 	grating: autoDraw = False
126.4912 	EXP 	New trial (rep=2, index=0): None
126.4927 	DATA 	Keypress: up
126.5049 	EXP 	fixation: autoDraw = False
126.5049 	EXP 	grating: autoDraw = False
126.5049 	EXP 	grating: ori = 0.0
126.5049 	EXP 	fixation: autoDraw = True
127.5053 	EXP 	fixation: autoDraw = False
127.5053 	EXP 	grating: autoDraw = True
127.8051 	EXP 	grating: autoDraw = False
128.0237 	EXP 	New trial (rep=3, index=0): None
128.0248 	DATA 	Keypress: up
128.0384 	EXP 	fixation: autoDraw = False
128.0384 	EXP 	grating: autoDraw = False
128.0384 	EXP 	grating: ori = -5.0
128.0384 	EXP 	fixation: autoDraw = True
129.0384 	EXP 	fixation: autoDraw = False
129.0384 	EXP 	grating: autoDraw = True
129.3376 	EXP 	grating: autoDraw = False
129.3898 	EXP 	New trial (rep=4, index=0): None
129.3910 	DATA 	Keypress: up
129.4046 	EXP 	fixation: autoDraw = False
129.4046 	EXP 	grating: autoDraw = False
129.4046 	EXP 	grating: ori = 0.0
129.4046 	EXP 	fixation: autoDraw = True
130.4044 	EXP 	fixation: autoDraw = False
130.4044 	EXP 	grating: autoDraw = True
130.7039 	EXP 	grating: autoDraw = False
130.7061 	EXP 	New trial (rep=5, index=0): None
130.7070 	DATA 	Keypress: up
130.7210 	EXP 	fixation: autoDraw = False
130.7210 	EXP 	grating: autoDraw = False
130.7210 	EXP 	grating: ori = 0.0
130.7210 	EXP 	fixation: autoDraw = True
131.7206 	EXP 	fixation: autoDraw = False
131.7206 	EXP 	grating: autoDraw = True
132.0206 	EXP 	grating: autoDraw = False
132.0397 	EXP 	New trial (rep=6, index=0): None
132.0406 	DATA 	Keypress: up
132.0542 	EXP 	fixation: autoDraw = False
132.0542 	EXP 	grating: autoDraw = False
132.0542 	EXP 	grating: ori = 1.0
132.0542 	EXP 	fixation: autoDraw = True
133.0537 	EXP 	fixation: autoDraw = False
133.0537 	EXP 	grating: autoDraw = True
133.3536 	EXP 	grating: autoDraw = False
133.4227 	EXP 	New trial (rep=7, index=0): None
133.4239 	DATA 	Keypress: up
133.4368 	EXP 	fixation: autoDraw = False
133.4368 	EXP 	grating: autoDraw = False
133.4368 	EXP 	grating: ori = 0.0
133.4368 	EXP 	fixation: autoDraw = True
134.4366 	EXP 	fixation: autoDraw = False
134.4366 	EXP 	grating: autoDraw = True
134.7366 	EXP 	grating: autoDraw = False
134.7391 	EXP 	New trial (rep=8, index=0): None
134.7406 	DATA 	Keypress: up
134.7535 	EXP 	fixation: autoDraw = False
134.7535 	EXP 	grating: autoDraw = False
134.7535 	EXP 	grating: ori = 0.0
134.7535 	EXP 	fixation: autoDraw = True
135.7530 	EXP 	fixation: autoDraw = False
135.7530 	EXP 	grating: autoDraw = True
136.0221 	EXP 	New trial (rep=9, index=0): None
136.0232 	DATA 	Keypress: up
136.0357 	EXP 	fixation: autoDraw = False
136.0357 	EXP 	grating: autoDraw = False
136.0357 	EXP 	grating: ori = -3.0
136.0357 	EXP 	fixation: autoDraw = True
137.0363 	EXP 	fixation: autoDraw = False
137.0363 	EXP 	grating: autoDraw = True
137.3361 	EXP 	grating: autoDraw = False
139.4213 	EXP 	New trial (rep=10, index=0): None
139.4224 	DATA 	Keypress: down
139.4355 	EXP 	fixation: autoDraw = False
139.4355 	EXP 	grating: autoDraw = False
139.4355 	EXP 	grating: ori = 0.0
139.4355 	EXP 	fixation: autoDraw = True
140.4352 	EXP 	fixation: autoDraw = False
140.4352 	EXP 	grating: autoDraw = True
140.7351 	EXP 	grating: autoDraw = False
141.0370 	EXP 	New trial (rep=11, index=0): None
141.0378 	DATA 	Keypress: up
141.0516 	EXP 	fixation: autoDraw = False
141.0516 	EXP 	grating: autoDraw = False
141.0516 	EXP 	grating: ori = 0.0
141.0516 	EXP 	fixation: autoDraw = True
142.0512 	EXP 	fixation: autoDraw = False
142.0512 	EXP 	grating: autoDraw = True
142.3510 	EXP 	grating: autoDraw = False
142.3888 	EXP 	New trial (rep=12, index=0): None
142.3901 	DATA 	Keypress: up
142.4016 	EXP 	fixation: autoDraw = False
142.4016 	EXP 	grating: autoDraw = False
142.4016 	EXP 	grating: ori = 1.0
142.4016 	EXP 	fixation: autoDraw = True
143.4007 	EXP 	fixation: autoDraw = False
143.4007 	EXP 	grating: autoDraw = True
143.7007 	EXP 	grating: autoDraw = False
143.7546 	EXP 	New trial (rep=13, index=0): None
143.7561 	DATA 	Keypress: up
143.7679 	EXP 	fixation: autoDraw = False
143.7679 	EXP 	grating: autoDraw = False
143.7679 	EXP 	grating: ori = 0.0
143.7679 	EXP 	fixation: autoDraw = True
144.7677 	EXP 	fixation: autoDraw = False
144.7677 	EXP 	grating: autoDraw = True
145.0673 	EXP 	grating: autoDraw = False
145.1534 	EXP 	New trial (rep=14, index=0): None
145.1548 	DATA 	Keypress: up
145.1675 	EXP 	fixation: autoDraw = False
145.1675 	EXP 	grating: autoDraw = False
145.1675 	EXP 	grating: ori = 0.0
145.1675 	EXP 	fixation: autoDraw = True
146.1673 	EXP 	fixation: autoDraw = False
146.1673 	EXP 	grating: autoDraw = True
146.4527 	EXP 	New trial (rep=15, index=0): None
146.4541 	DATA 	Keypress: up
146.4672 	EXP 	grating: autoDraw = False
146.4672 	EXP 	fixation: autoDraw = False
146.4672 	EXP 	grating: autoDraw = False
146.4672 	EXP 	grating: ori = -3.0
146.4672 	EXP 	fixation: autoDraw = True
147.4665 	EXP 	fixation: autoDraw = False
147.4665 	EXP 	grating: autoDraw = True
147.7663 	EXP 	grating: autoDraw = False
147.7686 	EXP 	New trial (rep=16, index=0): None
147.7699 	DATA 	Keypress: up
147.7835 	EXP 	fixation: autoDraw = False
147.7835 	EXP 	grating: autoDraw = False
147.7835 	EXP 	grating: ori = 0.0
147.7835 	EXP 	fixation: autoDraw = True
148.7830 	EXP 	fixation: autoDraw = False
148.7830 	EXP 	grating: autoDraw = True
149.0829 	EXP 	grating: autoDraw = False
149.1683 	EXP 	New trial (rep=17, index=0): None
149.1693 	DATA 	Keypress: down
149.1833 	EXP 	fixation: autoDraw = False
149.1833 	EXP 	grating: autoDraw = False
149.1833 	EXP 	grating: ori = 0.0
149.1833 	EXP 	fixation: autoDraw = True
150.1830 	EXP 	fixation: autoDraw = False
150.1830 	EXP 	grating: autoDraw = True
150.4361 	EXP 	New trial (rep=18, index=0): None
150.4377 	DATA 	Keypress: up
150.4495 	EXP 	fixation: autoDraw = False
150.4495 	EXP 	grating: autoDraw = False
150.4495 	EXP 	grating: ori = 0.0
150.4495 	EXP 	fixation: autoDraw = True
151.4492 	EXP 	fixation: autoDraw = False
151.4492 	EXP 	grating: autoDraw = True
151.6181 	EXP 	New trial (rep=19, index=0): None
151.6190 	DATA 	Keypress: up
151.6325 	EXP 	fixation: autoDraw = False
151.6325 	EXP 	grating: autoDraw = False
151.6325 	EXP 	grating: ori = 0.0
151.6325 	EXP 	fixation: autoDraw = True
152.6321 	EXP 	fixation: autoDraw = False
152.6321 	EXP 	grating: autoDraw = True
152.8841 	EXP 	New trial (rep=20, index=0): None
152.8851 	DATA 	Keypress: up
152.8988 	EXP 	fixation: autoDraw = False
152.8988 	EXP 	grating: autoDraw = False
152.8988 	EXP 	grating: ori = -3.0
152.8988 	EXP 	fixation: autoDraw = True
153.8986 	EXP 	fixation: autoDraw = False
153.8986 	EXP 	grating: autoDraw = True
154.1985 	EXP 	grating: autoDraw = False
154.2168 	EXP 	New trial (rep=21, index=0): None
154.2179 	DATA 	Keypress: up
154.2314 	EXP 	fixation: autoDraw = False
154.2314 	EXP 	grating: autoDraw = False
154.2314 	EXP 	grating: ori = -1.0
154.2314 	EXP 	fixation: autoDraw = True
155.2316 	EXP 	fixation: autoDraw = False
155.2316 	EXP 	grating: autoDraw = True
155.5314 	EXP 	grating: autoDraw = False
155.6667 	EXP 	New trial (rep=22, index=0): None
155.6678 	DATA 	Keypress: up
155.6812 	EXP 	fixation: autoDraw = False
155.6812 	EXP 	grating: autoDraw = False
155.6812 	EXP 	grating: ori = 0.0
155.6812 	EXP 	fixation: autoDraw = True
156.6809 	EXP 	fixation: autoDraw = False
156.6809 	EXP 	grating: autoDraw = True
156.9811 	EXP 	grating: autoDraw = False
157.0002 	EXP 	New trial (rep=23, index=0): None
157.0014 	DATA 	Keypress: up
157.0143 	EXP 	fixation: autoDraw = False
157.0143 	EXP 	grating: autoDraw = False
157.0143 	EXP 	grating: ori = 0.0
157.0143 	EXP 	fixation: autoDraw = True
158.0145 	EXP 	fixation: autoDraw = False
158.0145 	EXP 	grating: autoDraw = True
158.3139 	EXP 	grating: autoDraw = False
158.4004 	EXP 	New trial (rep=24, index=0): None
158.4015 	DATA 	Keypress: up
158.4142 	EXP 	fixation: autoDraw = False
158.4142 	EXP 	grating: autoDraw = False
158.4142 	EXP 	grating: ori = -1.0
158.4142 	EXP 	fixation: autoDraw = True
159.4140 	EXP 	fixation: autoDraw = False
159.4140 	EXP 	grating: autoDraw = True
159.7141 	EXP 	grating: autoDraw = False
159.7164 	EXP 	New trial (rep=25, index=0): None
159.7173 	DATA 	Keypress: up
159.7302 	EXP 	fixation: autoDraw = False
159.7302 	EXP 	grating: autoDraw = False
159.7302 	EXP 	grating: ori = 0.0
159.7302 	EXP 	fixation: autoDraw = True
160.7300 	EXP 	fixation: autoDraw = False
160.7300 	EXP 	grating: autoDraw = True
161.0299 	EXP 	grating: autoDraw = False
161.0488 	EXP 	New trial (rep=26, index=0): None
161.0499 	DATA 	Keypress: up
161.0633 	EXP 	fixation: autoDraw = False
161.0633 	EXP 	grating: autoDraw = False
161.0633 	EXP 	grating: ori = -5.0
161.0633 	EXP 	fixation: autoDraw = True
162.0636 	EXP 	fixation: autoDraw = False
162.0636 	EXP 	grating: autoDraw = True
162.1659 	EXP 	New trial (rep=27, index=0): None
162.1672 	DATA 	Keypress: up
162.1795 	EXP 	fixation: autoDraw = False
162.1795 	EXP 	grating: autoDraw = False
162.1795 	EXP 	grating: ori = 0.0
162.1795 	EXP 	fixation: autoDraw = True
163.1802 	EXP 	fixation: autoDraw = False
163.1802 	EXP 	grating: autoDraw = True
163.4798 	EXP 	grating: autoDraw = False
163.6153 	EXP 	New trial (rep=28, index=0): None
163.6167 	DATA 	Keypress: down
163.6293 	EXP 	fixation: autoDraw = False
163.6293 	EXP 	grating: autoDraw = False
163.6293 	EXP 	grating: ori = 0.0
163.6293 	EXP 	fixation: autoDraw = True
164.6295 	EXP 	fixation: autoDraw = False
164.6295 	EXP 	grating: autoDraw = True
164.9289 	EXP 	grating: autoDraw = False
165.1640 	EXP 	New trial (rep=29, index=0): None
165.1651 	DATA 	Keypress: up
165.1788 	EXP 	fixation: autoDraw = False
165.1788 	EXP 	grating: autoDraw = False
165.1788 	EXP 	grating: ori = 0.0
165.1788 	EXP 	fixation: autoDraw = True
166.1787 	EXP 	fixation: autoDraw = False
166.1787 	EXP 	grating: autoDraw = True
166.4783 	EXP 	grating: autoDraw = False
166.6642 	EXP 	New trial (rep=30, index=0): None
166.6653 	DATA 	Keypress: up
166.6789 	EXP 	fixation: autoDraw = False
166.6789 	EXP 	grating: autoDraw = False
166.6789 	EXP 	grating: ori = -2.0
166.6789 	EXP 	fixation: autoDraw = True
167.6791 	EXP 	fixation: autoDraw = False
167.6791 	EXP 	grating: autoDraw = True
167.9781 	EXP 	grating: autoDraw = False
167.9800 	EXP 	New trial (rep=31, index=0): None
167.9809 	DATA 	Keypress: up
167.9951 	EXP 	fixation: autoDraw = False
167.9951 	EXP 	grating: autoDraw = False
167.9951 	EXP 	grating: ori = 0.0
167.9951 	EXP 	fixation: autoDraw = True
168.9946 	EXP 	fixation: autoDraw = False
168.9946 	EXP 	grating: autoDraw = True
169.2947 	EXP 	grating: autoDraw = False
169.3965 	EXP 	New trial (rep=32, index=0): None
169.3973 	DATA 	Keypress: up
169.4112 	EXP 	fixation: autoDraw = False
169.4112 	EXP 	grating: autoDraw = False
169.4112 	EXP 	grating: ori = -3.0
169.4112 	EXP 	fixation: autoDraw = True
170.4108 	EXP 	fixation: autoDraw = False
170.4108 	EXP 	grating: autoDraw = True
170.7105 	EXP 	grating: autoDraw = False
171.0129 	EXP 	New trial (rep=33, index=0): None
171.0138 	DATA 	Keypress: down
171.0281 	EXP 	fixation: autoDraw = False
171.0281 	EXP 	grating: autoDraw = False
171.0281 	EXP 	grating: ori = 0.0
171.0281 	EXP 	fixation: autoDraw = True
172.0278 	EXP 	fixation: autoDraw = False
172.0278 	EXP 	grating: autoDraw = True
172.3274 	EXP 	grating: autoDraw = False
172.4289 	EXP 	New trial (rep=34, index=0): None
172.4298 	DATA 	Keypress: up
172.4438 	EXP 	fixation: autoDraw = False
172.4438 	EXP 	grating: autoDraw = False
172.4438 	EXP 	grating: ori = 0.0
172.4438 	EXP 	fixation: autoDraw = True
173.4438 	EXP 	fixation: autoDraw = False
173.4438 	EXP 	grating: autoDraw = True
173.7293 	EXP 	New trial (rep=35, index=0): None
173.7303 	DATA 	Keypress: up
173.7436 	EXP 	grating: autoDraw = False
173.7436 	EXP 	fixation: autoDraw = False
173.7436 	EXP 	grating: autoDraw = False
173.7436 	EXP 	grating: ori = -3.0
173.7436 	EXP 	fixation: autoDraw = True
174.7436 	EXP 	fixation: autoDraw = False
174.7436 	EXP 	grating: autoDraw = True
175.0434 	EXP 	grating: autoDraw = False
175.0787 	EXP 	New trial (rep=36, index=0): None
175.0796 	DATA 	Keypress: up
175.0931 	EXP 	fixation: autoDraw = False
175.0931 	EXP 	grating: autoDraw = False
175.0931 	EXP 	grating: ori = 3.0
175.0931 	EXP 	fixation: autoDraw = True
176.0927 	EXP 	fixation: autoDraw = False
176.0927 	EXP 	grating: autoDraw = True
176.3928 	EXP 	grating: autoDraw = False
176.4944 	EXP 	New trial (rep=37, index=0): None
176.4956 	DATA 	Keypress: up
176.5092 	EXP 	fixation: autoDraw = False
176.5092 	EXP 	grating: autoDraw = False
176.5092 	EXP 	grating: ori = 0.0
176.5092 	EXP 	fixation: autoDraw = True
177.5088 	EXP 	fixation: autoDraw = False
177.5088 	EXP 	grating: autoDraw = True
177.8085 	EXP 	grating: autoDraw = False
178.2275 	EXP 	New trial (rep=38, index=0): None
178.2285 	DATA 	Keypress: up
178.2422 	EXP 	fixation: autoDraw = False
178.2422 	EXP 	grating: autoDraw = False
178.2422 	EXP 	grating: ori = -4.0
178.2422 	EXP 	fixation: autoDraw = True
179.2419 	EXP 	fixation: autoDraw = False
179.2419 	EXP 	grating: autoDraw = True
179.5422 	EXP 	grating: autoDraw = False
179.6113 	EXP 	New trial (rep=39, index=0): None
179.6126 	DATA 	Keypress: down
179.6251 	EXP 	fixation: autoDraw = False
179.6251 	EXP 	grating: autoDraw = False
179.6251 	EXP 	grating: ori = -4.0
179.6251 	EXP 	fixation: autoDraw = True
180.6253 	EXP 	fixation: autoDraw = False
180.6253 	EXP 	grating: autoDraw = True
180.9251 	EXP 	grating: autoDraw = False
181.2932 	EXP 	New trial (rep=40, index=0): None
181.2941 	DATA 	Keypress: down
181.3081 	EXP 	fixation: autoDraw = False
181.3081 	EXP 	grating: autoDraw = False
181.3081 	EXP 	grating: ori = -3.0
181.3081 	EXP 	fixation: autoDraw = True
182.3082 	EXP 	fixation: autoDraw = False
182.3082 	EXP 	grating: autoDraw = True
182.6076 	EXP 	grating: autoDraw = False
182.7101 	EXP 	New trial (rep=41, index=0): None
182.7110 	DATA 	Keypress: down
182.7246 	EXP 	fixation: autoDraw = False
182.7246 	EXP 	grating: autoDraw = False
182.7246 	EXP 	grating: ori = 0.0
182.7246 	EXP 	fixation: autoDraw = True
183.7244 	EXP 	fixation: autoDraw = False
183.7244 	EXP 	grating: autoDraw = True
184.0241 	EXP 	grating: autoDraw = False
184.3431 	EXP 	New trial (rep=42, index=0): None
184.3446 	DATA 	Keypress: up
184.3576 	EXP 	fixation: autoDraw = False
184.3576 	EXP 	grating: autoDraw = False
184.3576 	EXP 	grating: ori = 4.0
184.3576 	EXP 	fixation: autoDraw = True
185.3577 	EXP 	fixation: autoDraw = False
185.3577 	EXP 	grating: autoDraw = True
185.6571 	EXP 	grating: autoDraw = False
185.7930 	EXP 	New trial (rep=43, index=0): None
185.7941 	DATA 	Keypress: down
185.8072 	EXP 	fixation: autoDraw = False
185.8072 	EXP 	grating: autoDraw = False
185.8072 	EXP 	grating: ori = 0.0
185.8072 	EXP 	fixation: autoDraw = True
186.8072 	EXP 	fixation: autoDraw = False
186.8072 	EXP 	grating: autoDraw = True
187.1072 	EXP 	grating: autoDraw = False
187.4924 	EXP 	New trial (rep=44, index=0): None
187.4934 	DATA 	Keypress: up
187.5062 	EXP 	fixation: autoDraw = False
187.5062 	EXP 	grating: autoDraw = False
187.5062 	EXP 	grating: ori = 0.0
187.5062 	EXP 	fixation: autoDraw = True
188.5064 	EXP 	fixation: autoDraw = False
188.5064 	EXP 	grating: autoDraw = True
188.8065 	EXP 	grating: autoDraw = False
189.1092 	EXP 	New trial (rep=45, index=0): None
189.1102 	DATA 	Keypress: up
189.1228 	EXP 	fixation: autoDraw = False
189.1228 	EXP 	grating: autoDraw = False
189.1228 	EXP 	grating: ori = 0.0
189.1228 	EXP 	fixation: autoDraw = True
190.1228 	EXP 	fixation: autoDraw = False
190.1228 	EXP 	grating: autoDraw = True
190.4224 	EXP 	grating: autoDraw = False
190.7581 	EXP 	New trial (rep=46, index=0): None
190.7592 	DATA 	Keypress: up
190.7722 	EXP 	fixation: autoDraw = False
190.7722 	EXP 	grating: autoDraw = False
190.7722 	EXP 	grating: ori = 0.0
190.7722 	EXP 	fixation: autoDraw = True
191.7725 	EXP 	fixation: autoDraw = False
191.7725 	EXP 	grating: autoDraw = True
192.0720 	EXP 	grating: autoDraw = False
192.3244 	EXP 	New trial (rep=47, index=0): None
192.3253 	DATA 	Keypress: up
192.3392 	EXP 	fixation: autoDraw = False
192.3392 	EXP 	grating: autoDraw = False
192.3392 	EXP 	grating: ori = 3.0
192.3392 	EXP 	fixation: autoDraw = True
193.3384 	EXP 	fixation: autoDraw = False
193.3384 	EXP 	grating: autoDraw = True
193.6387 	EXP 	grating: autoDraw = False
194.1410 	EXP 	New trial (rep=48, index=0): None
194.1423 	DATA 	Keypress: down
194.1547 	EXP 	fixation: autoDraw = False
194.1547 	EXP 	grating: autoDraw = False
194.1547 	EXP 	grating: ori = 0.0
194.1547 	EXP 	fixation: autoDraw = True
195.1549 	EXP 	fixation: autoDraw = False
195.1549 	EXP 	grating: autoDraw = True
195.4543 	EXP 	grating: autoDraw = False
195.5412 	EXP 	New trial (rep=49, index=0): None
195.5424 	DATA 	Keypress: up
195.5544 	EXP 	fixation: autoDraw = False
195.5544 	EXP 	grating: autoDraw = False
195.5544 	EXP 	grating: ori = 1.0
195.5544 	EXP 	fixation: autoDraw = True
196.5552 	EXP 	fixation: autoDraw = False
196.5552 	EXP 	grating: autoDraw = True
196.8541 	EXP 	grating: autoDraw = False
197.0066 	EXP 	New trial (rep=50, index=0): None
197.0077 	DATA 	Keypress: up
197.0210 	EXP 	fixation: autoDraw = False
197.0210 	EXP 	grating: autoDraw = False
197.0210 	EXP 	grating: ori = 1.0
197.0210 	EXP 	fixation: autoDraw = True
198.0202 	EXP 	fixation: autoDraw = False
198.0202 	EXP 	grating: autoDraw = True
198.3211 	EXP 	grating: autoDraw = False
198.3727 	EXP 	New trial (rep=51, index=0): None
198.3736 	DATA 	Keypress: up
198.3876 	EXP 	fixation: autoDraw = False
198.3876 	EXP 	grating: autoDraw = False
198.3876 	EXP 	grating: ori = 4.0
198.3876 	EXP 	fixation: autoDraw = True
199.3876 	EXP 	fixation: autoDraw = False
199.3876 	EXP 	grating: autoDraw = True
199.6872 	EXP 	grating: autoDraw = False
200.0559 	EXP 	New trial (rep=52, index=0): None
200.0569 	DATA 	Keypress: down
200.0701 	EXP 	fixation: autoDraw = False
200.0701 	EXP 	grating: autoDraw = False
200.0701 	EXP 	grating: ori = 3.0
200.0701 	EXP 	fixation: autoDraw = True
201.0703 	EXP 	fixation: autoDraw = False
201.0703 	EXP 	grating: autoDraw = True
201.3697 	EXP 	grating: autoDraw = False
201.3888 	EXP 	New trial (rep=53, index=0): None
201.3899 	DATA 	Keypress: up
201.4031 	EXP 	fixation: autoDraw = False
201.4031 	EXP 	grating: autoDraw = False
201.4031 	EXP 	grating: ori = 2.0
201.4031 	EXP 	fixation: autoDraw = True
202.4037 	EXP 	fixation: autoDraw = False
202.4037 	EXP 	grating: autoDraw = True
202.7028 	EXP 	grating: autoDraw = False
203.1714 	EXP 	New trial (rep=54, index=0): None
203.1724 	DATA 	Keypress: up
203.1856 	EXP 	fixation: autoDraw = False
203.1856 	EXP 	grating: autoDraw = False
203.1856 	EXP 	grating: ori = -1.0
203.1856 	EXP 	fixation: autoDraw = True
204.1858 	EXP 	fixation: autoDraw = False
204.1858 	EXP 	grating: autoDraw = True
204.4857 	EXP 	grating: autoDraw = False
204.9045 	EXP 	New trial (rep=55, index=0): None
204.9054 	DATA 	Keypress: up
204.9193 	EXP 	fixation: autoDraw = False
204.9193 	EXP 	grating: autoDraw = False
204.9193 	EXP 	grating: ori = -5.0
204.9193 	EXP 	fixation: autoDraw = True
205.9192 	EXP 	fixation: autoDraw = False
205.9192 	EXP 	grating: autoDraw = True
206.2185 	EXP 	grating: autoDraw = False
206.4218 	EXP 	New trial (rep=56, index=0): None
206.4232 	DATA 	Keypress: down
206.4357 	EXP 	fixation: autoDraw = False
206.4357 	EXP 	grating: autoDraw = False
206.4357 	EXP 	grating: ori = 4.0
206.4357 	EXP 	fixation: autoDraw = True
207.4347 	EXP 	fixation: autoDraw = False
207.4347 	EXP 	grating: autoDraw = True
207.7350 	EXP 	grating: autoDraw = False
207.9373 	EXP 	New trial (rep=57, index=0): None
207.9382 	DATA 	Keypress: down
207.9522 	EXP 	fixation: autoDraw = False
207.9522 	EXP 	grating: autoDraw = False
207.9522 	EXP 	grating: ori = 0.0
207.9522 	EXP 	fixation: autoDraw = True
208.9520 	EXP 	fixation: autoDraw = False
208.9520 	EXP 	grating: autoDraw = True
209.2511 	EXP 	grating: autoDraw = False
209.3200 	EXP 	New trial (rep=58, index=0): None
209.3210 	DATA 	Keypress: down
209.3346 	EXP 	fixation: autoDraw = False
209.3346 	EXP 	grating: autoDraw = False
209.3346 	EXP 	grating: ori = -5.0
209.3346 	EXP 	fixation: autoDraw = True
210.3344 	EXP 	fixation: autoDraw = False
210.3344 	EXP 	grating: autoDraw = True
210.6338 	EXP 	grating: autoDraw = False
211.1368 	EXP 	New trial (rep=59, index=0): None
211.1379 	DATA 	Keypress: down
211.1508 	EXP 	fixation: autoDraw = False
211.1508 	EXP 	grating: autoDraw = False
211.1508 	EXP 	grating: ori = 0.0
211.1508 	EXP 	fixation: autoDraw = True
212.1508 	EXP 	fixation: autoDraw = False
212.1508 	EXP 	grating: autoDraw = True
212.4505 	EXP 	grating: autoDraw = False
212.8522 	EXP 	New trial (rep=60, index=0): None
212.8530 	DATA 	Keypress: up
212.8668 	EXP 	fixation: autoDraw = False
212.8668 	EXP 	grating: autoDraw = False
212.8668 	EXP 	grating: ori = 0.0
212.8668 	EXP 	fixation: autoDraw = True
213.8672 	EXP 	fixation: autoDraw = False
213.8672 	EXP 	grating: autoDraw = True
214.1665 	EXP 	grating: autoDraw = False
214.2694 	EXP 	New trial (rep=61, index=0): None
214.2705 	DATA 	Keypress: down
214.2828 	EXP 	fixation: autoDraw = False
214.2828 	EXP 	grating: autoDraw = False
214.2828 	EXP 	grating: ori = -4.0
214.2828 	EXP 	fixation: autoDraw = True
215.2832 	EXP 	fixation: autoDraw = False
215.2832 	EXP 	grating: autoDraw = True
215.5832 	EXP 	grating: autoDraw = False
215.6352 	EXP 	New trial (rep=62, index=0): None
215.6364 	DATA 	Keypress: up
215.6497 	EXP 	fixation: autoDraw = False
215.6497 	EXP 	grating: autoDraw = False
215.6497 	EXP 	grating: ori = -1.0
215.6497 	EXP 	fixation: autoDraw = True
216.6497 	EXP 	fixation: autoDraw = False
216.6497 	EXP 	grating: autoDraw = True
216.9493 	EXP 	grating: autoDraw = False
216.9681 	EXP 	New trial (rep=63, index=0): None
216.9691 	DATA 	Keypress: up
216.9829 	EXP 	fixation: autoDraw = False
216.9829 	EXP 	grating: autoDraw = False
216.9829 	EXP 	grating: ori = 0.0
216.9829 	EXP 	fixation: autoDraw = True
217.9825 	EXP 	fixation: autoDraw = False
217.9825 	EXP 	grating: autoDraw = True
218.2824 	EXP 	grating: autoDraw = False
218.4346 	EXP 	New trial (rep=64, index=0): None
218.4360 	DATA 	Keypress: up
218.4490 	EXP 	fixation: autoDraw = False
218.4490 	EXP 	grating: autoDraw = False
218.4490 	EXP 	grating: ori = 0.0
218.4490 	EXP 	fixation: autoDraw = True
219.4487 	EXP 	fixation: autoDraw = False
219.4487 	EXP 	grating: autoDraw = True
219.7488 	EXP 	grating: autoDraw = False
219.7843 	EXP 	New trial (rep=65, index=0): None
219.7855 	DATA 	Keypress: up
219.7985 	EXP 	fixation: autoDraw = False
219.7985 	EXP 	grating: autoDraw = False
219.7985 	EXP 	grating: ori = 0.0
219.7985 	EXP 	fixation: autoDraw = True
220.7985 	EXP 	fixation: autoDraw = False
220.7985 	EXP 	grating: autoDraw = True
221.0988 	EXP 	grating: autoDraw = False
221.3341 	EXP 	New trial (rep=66, index=0): None
221.3352 	DATA 	Keypress: up
221.3485 	EXP 	fixation: autoDraw = False
221.3485 	EXP 	grating: autoDraw = False
221.3485 	EXP 	grating: ori = 2.0
221.3485 	EXP 	fixation: autoDraw = True
222.3486 	EXP 	fixation: autoDraw = False
222.3486 	EXP 	grating: autoDraw = True
222.6479 	EXP 	grating: autoDraw = False
223.1672 	EXP 	New trial (rep=67, index=0): None
223.1685 	DATA 	Keypress: down
223.1809 	EXP 	fixation: autoDraw = False
223.1809 	EXP 	grating: autoDraw = False
223.1809 	EXP 	grating: ori = -1.0
223.1809 	EXP 	fixation: autoDraw = True
224.1806 	EXP 	fixation: autoDraw = False
224.1806 	EXP 	grating: autoDraw = True
224.4801 	EXP 	grating: autoDraw = False
224.7672 	EXP 	New trial (rep=68, index=0): None
224.7685 	DATA 	Keypress: up
224.7804 	EXP 	fixation: autoDraw = False
224.7804 	EXP 	grating: autoDraw = False
224.7804 	EXP 	grating: ori = 0.0
224.7804 	EXP 	fixation: autoDraw = True
225.7806 	EXP 	fixation: autoDraw = False
225.7806 	EXP 	grating: autoDraw = True
226.0803 	EXP 	grating: autoDraw = False
226.4000 	EXP 	New trial (rep=69, index=0): None
226.4011 	DATA 	Keypress: up
226.4140 	EXP 	fixation: autoDraw = False
226.4140 	EXP 	grating: autoDraw = False
226.4140 	EXP 	grating: ori = 3.0
226.4140 	EXP 	fixation: autoDraw = True
227.4135 	EXP 	fixation: autoDraw = False
227.4135 	EXP 	grating: autoDraw = True
227.7133 	EXP 	grating: autoDraw = False
227.8323 	EXP 	New trial (rep=70, index=0): None
227.8338 	DATA 	Keypress: up
227.8466 	EXP 	fixation: autoDraw = False
227.8466 	EXP 	grating: autoDraw = False
227.8466 	EXP 	grating: ori = -5.0
227.8466 	EXP 	fixation: autoDraw = True
228.8467 	EXP 	fixation: autoDraw = False
228.8467 	EXP 	grating: autoDraw = True
229.1465 	EXP 	grating: autoDraw = False
229.4476 	DATA 	Keypress: up
229.4653 	EXP 	New trial (rep=71, index=0): None
229.4795 	EXP 	fixation: autoDraw = False
229.4795 	EXP 	grating: autoDraw = False
229.4795 	EXP 	grating: ori = 0.0
229.4795 	EXP 	fixation: autoDraw = True
230.4792 	EXP 	fixation: autoDraw = False
230.4792 	EXP 	grating: autoDraw = True
230.7789 	EXP 	grating: autoDraw = False
230.9150 	EXP 	New trial (rep=72, index=0): None
230.9162 	DATA 	Keypress: up
230.9294 	EXP 	fixation: autoDraw = False
230.9294 	EXP 	grating: autoDraw = False
230.9294 	EXP 	grating: ori = 4.0
230.9294 	EXP 	fixation: autoDraw = True
231.9289 	EXP 	fixation: autoDraw = False
231.9289 	EXP 	grating: autoDraw = True
232.2289 	EXP 	grating: autoDraw = False
232.5809 	EXP 	New trial (rep=73, index=0): None
232.5817 	DATA 	Keypress: down
232.5956 	EXP 	fixation: autoDraw = False
232.5956 	EXP 	grating: autoDraw = False
232.5956 	EXP 	grating: ori = 0.0
232.5956 	EXP 	fixation: autoDraw = True
233.5955 	EXP 	fixation: autoDraw = False
233.5955 	EXP 	grating: autoDraw = True
233.8951 	EXP 	grating: autoDraw = False
234.0810 	EXP 	New trial (rep=74, index=0): None
234.0824 	DATA 	Keypress: up
234.0952 	EXP 	fixation: autoDraw = False
234.0952 	EXP 	grating: autoDraw = False
234.0952 	EXP 	grating: ori = 0.0
234.0952 	EXP 	fixation: autoDraw = True
235.0948 	EXP 	fixation: autoDraw = False
235.0948 	EXP 	grating: autoDraw = True
235.3949 	EXP 	grating: autoDraw = False
235.7131 	EXP 	New trial (rep=75, index=0): None
235.7141 	DATA 	Keypress: up
235.7280 	EXP 	fixation: autoDraw = False
235.7280 	EXP 	grating: autoDraw = False
235.7280 	EXP 	grating: ori = 0.0
235.7280 	EXP 	fixation: autoDraw = True
236.7278 	EXP 	fixation: autoDraw = False
236.7278 	EXP 	grating: autoDraw = True
237.0278 	EXP 	grating: autoDraw = False
237.2294 	EXP 	New trial (rep=76, index=0): None
237.2304 	DATA 	Keypress: up
237.2445 	EXP 	fixation: autoDraw = False
237.2445 	EXP 	grating: autoDraw = False
237.2445 	EXP 	grating: ori = 0.0
237.2445 	EXP 	fixation: autoDraw = True
238.2441 	EXP 	fixation: autoDraw = False
238.2441 	EXP 	grating: autoDraw = True
238.5441 	EXP 	grating: autoDraw = False
238.7954 	EXP 	New trial (rep=77, index=0): None
238.7963 	DATA 	Keypress: up
238.8107 	EXP 	fixation: autoDraw = False
238.8107 	EXP 	grating: autoDraw = False
238.8107 	EXP 	grating: ori = -1.0
238.8107 	EXP 	fixation: autoDraw = True
239.8102 	EXP 	fixation: autoDraw = False
239.8102 	EXP 	grating: autoDraw = True
240.1101 	EXP 	grating: autoDraw = False
240.9282 	EXP 	New trial (rep=78, index=0): None
240.9293 	DATA 	Keypress: up
240.9437 	EXP 	fixation: autoDraw = False
240.9437 	EXP 	grating: autoDraw = False
240.9437 	EXP 	grating: ori = -5.0
240.9437 	EXP 	fixation: autoDraw = True
241.9434 	EXP 	fixation: autoDraw = False
241.9434 	EXP 	grating: autoDraw = True
242.2434 	EXP 	grating: autoDraw = False
242.6451 	EXP 	New trial (rep=79, index=0): None
242.6462 	DATA 	Keypress: down
242.6596 	EXP 	fixation: autoDraw = False
242.6596 	EXP 	grating: autoDraw = False
242.6596 	EXP 	grating: ori = -3.0
242.6596 	EXP 	fixation: autoDraw = True
243.6599 	EXP 	fixation: autoDraw = False
243.6599 	EXP 	grating: autoDraw = True
243.9593 	EXP 	grating: autoDraw = False
244.0954 	EXP 	New trial (rep=80, index=0): None
244.0967 	DATA 	Keypress: down
244.1093 	EXP 	fixation: autoDraw = False
244.1093 	EXP 	grating: autoDraw = False
244.1093 	EXP 	grating: ori = -5.0
244.1093 	EXP 	fixation: autoDraw = True
245.1089 	EXP 	fixation: autoDraw = False
245.1089 	EXP 	grating: autoDraw = True
245.4089 	EXP 	grating: autoDraw = False
245.7944 	EXP 	New trial (rep=81, index=0): None
245.7954 	DATA 	Keypress: up
245.8090 	EXP 	fixation: autoDraw = False
245.8090 	EXP 	grating: autoDraw = False
245.8090 	EXP 	grating: ori = 0.0
245.8090 	EXP 	fixation: autoDraw = True
246.8081 	EXP 	fixation: autoDraw = False
246.8081 	EXP 	grating: autoDraw = True
247.1087 	EXP 	grating: autoDraw = False
247.3440 	EXP 	New trial (rep=82, index=0): None
247.3450 	DATA 	Keypress: up
247.3584 	EXP 	fixation: autoDraw = False
247.3584 	EXP 	grating: autoDraw = False
247.3584 	EXP 	grating: ori = 0.0
247.3584 	EXP 	fixation: autoDraw = True
247.8928 	DATA 	Keypress: down
248.3582 	EXP 	fixation: autoDraw = False
248.3582 	EXP 	grating: autoDraw = True
248.6575 	EXP 	grating: autoDraw = False
249.2602 	EXP 	New trial (rep=83, index=0): None
249.2612 	DATA 	Keypress: up
249.2747 	EXP 	fixation: autoDraw = False
249.2747 	EXP 	grating: autoDraw = False
249.2747 	EXP 	grating: ori = 0.0
249.2747 	EXP 	fixation: autoDraw = True
250.2747 	EXP 	fixation: autoDraw = False
250.2747 	EXP 	grating: autoDraw = True
250.5740 	EXP 	grating: autoDraw = False
250.9096 	EXP 	New trial (rep=84, index=0): None
250.9105 	DATA 	Keypress: up
250.9248 	EXP 	fixation: autoDraw = False
250.9248 	EXP 	grating: autoDraw = False
250.9248 	EXP 	grating: ori = 0.0
250.9248 	EXP 	fixation: autoDraw = True
251.9243 	EXP 	fixation: autoDraw = False
251.9243 	EXP 	grating: autoDraw = True
252.2239 	EXP 	grating: autoDraw = False
252.3260 	EXP 	New trial (rep=85, index=0): None
252.3268 	DATA 	Keypress: down
252.3407 	EXP 	fixation: autoDraw = False
252.3407 	EXP 	grating: autoDraw = False
252.3407 	EXP 	grating: ori = 0.0
252.3407 	EXP 	fixation: autoDraw = True
253.3400 	EXP 	fixation: autoDraw = False
253.3400 	EXP 	grating: autoDraw = True
253.6401 	EXP 	grating: autoDraw = False
254.0592 	EXP 	New trial (rep=86, index=0): None
254.0602 	DATA 	Keypress: up
254.0734 	EXP 	fixation: autoDraw = False
254.0734 	EXP 	grating: autoDraw = False
254.0734 	EXP 	grating: ori = -2.0
254.0734 	EXP 	fixation: autoDraw = True
255.0733 	EXP 	fixation: autoDraw = False
255.0733 	EXP 	grating: autoDraw = True
255.3732 	EXP 	grating: autoDraw = False
255.7916 	EXP 	New trial (rep=87, index=0): None
255.7928 	DATA 	Keypress: up
255.8066 	EXP 	fixation: autoDraw = False
255.8066 	EXP 	grating: autoDraw = False
255.8066 	EXP 	grating: ori = 0.0
255.8066 	EXP 	fixation: autoDraw = True
256.8064 	EXP 	fixation: autoDraw = False
256.8064 	EXP 	grating: autoDraw = True
257.1060 	EXP 	grating: autoDraw = False
257.2590 	EXP 	New trial (rep=88, index=0): None
257.2600 	DATA 	Keypress: up
257.2726 	EXP 	fixation: autoDraw = False
257.2726 	EXP 	grating: autoDraw = False
257.2726 	EXP 	grating: ori = -5.0
257.2726 	EXP 	fixation: autoDraw = True
258.2727 	EXP 	fixation: autoDraw = False
258.2727 	EXP 	grating: autoDraw = True
258.5726 	EXP 	grating: autoDraw = False
258.7079 	EXP 	New trial (rep=89, index=0): None
258.7088 	DATA 	Keypress: up
258.7232 	EXP 	fixation: autoDraw = False
258.7232 	EXP 	grating: autoDraw = False
258.7232 	EXP 	grating: ori = 0.0
258.7232 	EXP 	fixation: autoDraw = True
259.7217 	EXP 	fixation: autoDraw = False
259.7217 	EXP 	grating: autoDraw = True
260.0221 	EXP 	grating: autoDraw = False
260.1414 	EXP 	New trial (rep=90, index=0): None
260.1424 	DATA 	Keypress: up
260.1549 	EXP 	fixation: autoDraw = False
260.1549 	EXP 	grating: autoDraw = False
260.1549 	EXP 	grating: ori = -3.0
260.1549 	EXP 	fixation: autoDraw = True
261.1548 	EXP 	fixation: autoDraw = False
261.1548 	EXP 	grating: autoDraw = True
261.4551 	EXP 	grating: autoDraw = False
261.5739 	EXP 	New trial (rep=91, index=0): None
261.5749 	DATA 	Keypress: up
261.5885 	EXP 	fixation: autoDraw = False
261.5885 	EXP 	grating: autoDraw = False
261.5885 	EXP 	grating: ori = -5.0
261.5885 	EXP 	fixation: autoDraw = True
262.5879 	EXP 	fixation: autoDraw = False
262.5879 	EXP 	grating: autoDraw = True
262.8880 	EXP 	grating: autoDraw = False
263.1069 	EXP 	New trial (rep=92, index=0): None
263.1080 	DATA 	Keypress: up
263.1218 	EXP 	fixation: autoDraw = False
263.1218 	EXP 	grating: autoDraw = False
263.1218 	EXP 	grating: ori = 4.0
263.1218 	EXP 	fixation: autoDraw = True
264.1213 	EXP 	fixation: autoDraw = False
264.1213 	EXP 	grating: autoDraw = True
264.4216 	EXP 	grating: autoDraw = False
264.7066 	EXP 	New trial (rep=93, index=0): None
264.7078 	DATA 	Keypress: down
264.7210 	EXP 	fixation: autoDraw = False
264.7210 	EXP 	grating: autoDraw = False
264.7210 	EXP 	grating: ori = 0.0
264.7210 	EXP 	fixation: autoDraw = True
265.7205 	EXP 	fixation: autoDraw = False
265.7205 	EXP 	grating: autoDraw = True
266.0207 	EXP 	grating: autoDraw = False
266.3898 	EXP 	New trial (rep=94, index=0): None
266.3910 	DATA 	Keypress: up
266.4038 	EXP 	fixation: autoDraw = False
266.4038 	EXP 	grating: autoDraw = False
266.4038 	EXP 	grating: ori = -4.0
266.4038 	EXP 	fixation: autoDraw = True
267.4036 	EXP 	fixation: autoDraw = False
267.4036 	EXP 	grating: autoDraw = True
267.7033 	EXP 	grating: autoDraw = False
268.0551 	EXP 	New trial (rep=95, index=0): None
268.0561 	DATA 	Keypress: up
268.0700 	EXP 	fixation: autoDraw = False
268.0700 	EXP 	grating: autoDraw = False
268.0700 	EXP 	grating: ori = -2.0
268.0700 	EXP 	fixation: autoDraw = True
269.0696 	EXP 	fixation: autoDraw = False
269.0696 	EXP 	grating: autoDraw = True
269.3695 	EXP 	grating: autoDraw = False
269.4385 	EXP 	New trial (rep=96, index=0): None
269.4394 	DATA 	Keypress: up
269.4528 	EXP 	fixation: autoDraw = False
269.4528 	EXP 	grating: autoDraw = False
269.4528 	EXP 	grating: ori = 0.0
269.4528 	EXP 	fixation: autoDraw = True
270.4525 	EXP 	fixation: autoDraw = False
270.4525 	EXP 	grating: autoDraw = True
270.7529 	EXP 	grating: autoDraw = False
270.8541 	DATA 	Keypress: up
270.8717 	EXP 	New trial (rep=97, index=0): None
270.8859 	EXP 	fixation: autoDraw = False
270.8859 	EXP 	grating: autoDraw = False
270.8859 	EXP 	grating: ori = 2.0
270.8859 	EXP 	fixation: autoDraw = True
271.8858 	EXP 	fixation: autoDraw = False
271.8858 	EXP 	grating: autoDraw = True
272.1862 	EXP 	grating: autoDraw = False
272.9042 	EXP 	New trial (rep=98, index=0): None
272.9053 	DATA 	Keypress: up
272.9187 	EXP 	fixation: autoDraw = False
272.9187 	EXP 	grating: autoDraw = False
272.9187 	EXP 	grating: ori = 0.0
272.9187 	EXP 	fixation: autoDraw = True
273.9188 	EXP 	fixation: autoDraw = False
273.9188 	EXP 	grating: autoDraw = True
274.2183 	EXP 	grating: autoDraw = False
274.4039 	EXP 	New trial (rep=99, index=0): None
274.4049 	DATA 	Keypress: up
274.4184 	EXP 	fixation: autoDraw = False
274.4184 	EXP 	grating: autoDraw = False
274.4184 	EXP 	grating: ori = 0.0
274.4184 	EXP 	fixation: autoDraw = True
275.4180 	EXP 	fixation: autoDraw = False
275.4180 	EXP 	grating: autoDraw = True
275.7179 	EXP 	grating: autoDraw = False
276.3192 	DATA 	Keypress: down
276.3513 	EXP 	fixation: autoDraw = False
276.3513 	EXP 	grating: autoDraw = False
276.5944 	EXP 	window1: mouseVisible = True
